<?xml version="1.0" encoding="UTF-8"?>
<robot generator="Robot 3.1.2 (Python 3.8.2 on win32)" generated="20200309 17:47:39.893" rpa="false">
<suite id="s1" name="Robot Juniper" source="C:\Users\MARIOPEREZBENAVIDES\AUTOMATION\roboot_1\Robot_juniper\robot_juniper.robot">
<test id="s1-t1" name="test_1">
<kw name="Snapshot" library="test_1">
<msg timestamp="20200309 17:47:46.388" level="FAIL">FileNotFoundError: Could not locate C:/Users/MARIOPEREZBENAVIDES/AUTOMATION/robot_jsnapy/logging.yml</msg>
<status status="FAIL" starttime="20200309 17:47:46.324" endtime="20200309 17:47:46.388"></status>
</kw>
<status status="FAIL" starttime="20200309 17:47:46.323" endtime="20200309 17:47:46.389" critical="yes">FileNotFoundError: Could not locate C:/Users/MARIOPEREZBENAVIDES/AUTOMATION/robot_jsnapy/logging.yml</status>
</test>
<status status="FAIL" starttime="20200309 17:47:39.895" endtime="20200309 17:47:46.389"></status>
</suite>
<statistics>
<total>
<stat pass="0" fail="1">Critical Tests</stat>
<stat pass="0" fail="1">All Tests</stat>
</total>
<tag>
</tag>
<suite>
<stat pass="0" fail="1" id="s1" name="Robot Juniper">Robot Juniper</stat>
</suite>
</statistics>
<errors>
</errors>
</robot>
